32752 1906
32749 303
32742 2596
32740 274
32734 172
32725 1412
32712 5446
32704 326
32699 2835
32689 4114
32687 547
32663 87
32663 4043
32656 4517
32655 1338
32649 22
32648 2930
32637 2548
32631 604
32630 4714
32617 2000
32604 4248
32591 914
32590 1431
32582 3054
32577 4337
32576 4495
32574 4098
32571 5451
32567 1914
32552 741
32546 4785
32543 3369
32533 878
32516 184
32511 2144
32500 3360
32497 330
32497 1851
32490 839
32488 870
32483 1870
32476 1951
32473 2142
32473 4511
32469 1404
32454 569
32446 317
32439 4456
32432 1096
32432 5337
32431 2634
32423 5310
32416 5039
32397 98
32397 1674
32394 3178
32382 4189
32379 2654
32378 4523
32373 3315
32371 1743
32357 4981
32344 1290
32339 34
32332 3854
32326 5171
32325 838
32323 5115
32323 76
32320 1339
32315 1935
32311 2059
32309 3171
32306 2022
32301 3337
32300 5061
32283 3531
32282 4453
32280 279
32280 2730
32266 981
32262 1655
32257 3680
32248 2092
32239 27
32238 4231
32228 2997
32225 4937
32222 4810
32219 3744
32196 4902
32189 3282
32185 4482
32182 5353
32181 1997
32176 5197
32170 3824
32170 1541
32161 1684
