32761 1604
32753 215
32752 4537
32752 2137
32751 4852
32750 2934
32739 2104
32736 4612
32729 4377
32725 5958
32724 3961
32724 2561
32718 2878
32710 3150
32706 1476
32701 5754
32697 6371
32693 1053
32681 900
32670 615
32669 5978
32666 4856
32663 3497
32662 3975
32658 1181
32644 4800
32638 5929
32637 5895
32634 5205
32628 419
32623 4104
32615 2725
32612 1498
32609 1732
32608 5199
32606 4723
32601 234
32597 4337
32589 3640
32588 426
32583 3279
32581 6461
32575 3461
32571 5226
32562 4959
32561 147
32558 4781
32543 1525
32542 1599
32539 3921
32538 133
32537 5776
32536 4733
32536 2535
32527 5914
32506 243
32503 6630
32503 2316
32502 239
32495 3834
32495 91
32490 793
32484 3313
32484 2394
32476 477
32476 1866
32461 6592
32455 2008
32447 86
32446 4056
32442 6342
32440 4557
32439 3112
32433 6035
32433 4103
32433 4428
32425 3296
32422 268
32421 875
32417 4519
32414 6773
32411 1934
32406 5824
32402 2223
32400 3865
32394 4013
32391 627
32388 4076
32387 5733
32386 5174
32385 1275
32376 5407
32375 5316
32365 4929
32365 5900
32362 4953
32361 3848
32337 5891
32335 4954
32334 656
