32768 4554
32765 278
32751 1877
32747 2051
32746 454
32742 7398
32740 6686
32734 5529
32733 3071
32729 7507
32726 1730
32721 166
32721 3033
32717 6831
32716 675
32714 360
32713 4023
32712 7739
32711 4826
32709 858
32709 596
32707 1038
32702 7029
32690 4234
32681 6938
32678 219
32675 4014
32674 3458
32669 5519
32664 3848
32658 8081
32656 1239
32655 7958
32652 5785
32644 7887
32641 2231
32636 5659
32636 2022
32630 1294
32628 690
32625 2550
32624 1417
32616 3251
32613 5357
32612 7426
32611 6894
32609 447
32608 2535
32584 5762
32579 6755
32570 1463
32567 8147
32566 5553
32566 5692
32546 6463
32546 3323
32538 1629
32535 1411
32522 3857
32512 5622
32508 1461
32503 5713
32499 7080
32498 2390
32498 6824
32494 919
32493 8519
32489 3020
32483 6758
32482 3367
32476 1168
32476 7846
32472 5598
32470 6615
32469 503
32468 4852
32467 5733
32464 3140
32464 4492
32462 6196
32454 652
32453 2018
32447 2731
32443 6862
32443 2291
32439 5219
32437 4285
32436 6411
32433 7218
32432 701
32428 444
32425 4064
32424 4338
32420 5138
32405 2810
32404 3346
32399 1839
32398 4045
32398 3707
32397 1224
