32720 130
32713 268
32628 367
32501 95
32489 210
32437 850
32415 674
32354 49
32300 58
32218 32
32216 936
32182 934
32164 952
32135 664
32104 675
32092 529
32086 751
32071 772
32067 260
31959 947
31937 569
31885 537
31810 1018
31802 265
31784 555
31780 129
31643 946
31632 68
31631 494
31606 566
31583 295
31551 41
31511 642
31462 579
31451 531
31407 274
31400 568
31400 741
31396 813
31363 530
31309 484
31176 928
31146 258
31107 140
31074 884
31032 873
30989 564
30942 159
30857 647
30809 496
30807 223
30790 20
30718 38
30700 469
30599 1034
30586 1012
30521 526
30495 99
30467 181
30328 292
30285 932
30228 1037
30139 793
30116 654
30047 433
29960 82
29954 840
29953 206
29935 765
29848 499
29846 766
29808 72
29704 956
29668 408
29627 119
29627 243
29573 770
29528 686
29513 201
29431 1016
29406 986
29402 502
29374 684
29356 33
29296 876
29282 1032
29239 815
29167 916
29119 407
29108 520
29016 334
29012 937
28958 91
28931 789
28929 131
28924 60
28882 896
28863 757
28863 403
28856 297
