32724 773
32717 848
32648 786
32628 724
32625 426
32619 271
32613 871
32590 351
32481 861
32451 122
32450 282
32435 932
32424 184
32416 167
32416 707
32346 791
32331 573
32279 256
32269 487
32265 654
32164 480
32161 106
32119 477
32071 468
32063 527
32040 598
31986 302
31957 726
31913 550
31900 592
31877 35
31864 327
31848 146
31808 493
31761 841
31734 97
31700 817
31566 877
31511 470
31435 385
31430 356
31334 103
31320 748
31317 366
31302 507
31246 405
31221 884
31202 504
31163 170
31093 875
31051 32
31031 783
30957 702
30922 579
30914 133
30810 410
30707 180
30667 199
30613 270
30610 255
30520 70
30499 769
30475 437
30465 27
30390 236
30354 590
30318 664
30317 344
30303 885
30247 907
30233 909
30203 361
30202 242
30200 308
30160 484
30157 220
30154 269
30151 712
30026 878
30022 795
29967 612
29915 450
29914 581
29897 4
29891 635
29865 326
29857 330
29796 268
29747 127
29743 705
29652 404
29643 407
29627 784
29623 218
29619 883
29611 657
29580 680
29562 523
29540 73
29538 138
