32768 1629
32765 8346
32763 1085
32759 2731
32747 8616
32730 887
32730 3237
32725 2581
32721 6520
32714 3799
32712 6113
32712 4619
32711 4540
32710 600
32709 1750
32706 3270
32705 7430
32703 3186
32701 7683
32696 7805
32696 134
32690 5232
32683 9649
32679 1093
32674 8935
32667 4826
32660 5868
32660 6697
32658 496
32657 1341
32657 3711
32655 2598
32650 9114
32650 8565
32642 9297
32635 7388
32631 1741
32614 1872
32610 6135
32610 2437
32609 8884
32606 8383
32605 9342
32600 2212
32598 2229
32596 386
32590 1033
32588 4676
32587 7973
32581 716
32580 8779
32571 3291
32571 8462
32569 6483
32561 9543
32553 8925
32550 1572
32546 6156
32546 6631
32542 929
32540 5159
32539 6098
32535 7861
32530 2315
32524 2338
32519 845
32518 967
32514 7503
32510 4630
32510 6427
32507 122
32499 7918
32498 9544
32491 1584
32480 3747
32473 6845
32469 2367
32461 6885
32461 5953
32460 8519
32460 1041
32458 9110
32446 8225
32445 5143
32439 5062
32431 2510
32431 2837
32425 4342
32424 5253
32423 9548
32418 3010
32417 926
32414 8856
32410 1495
32405 3585
32404 4995
32395 773
32394 5772
32393 1456
32392 1458
