9974 131
9889 258
9881 183
9820 124
9781 181
9743 4
9665 192
9644 164
9630 271
9551 129
9385 42
9363 100
9298 269
9231 58
9228 81
9217 179
9209 21
9155 255
9141 167
9119 61
9097 83
9024 202
8998 43
8976 277
8961 242
8935 252
8921 210
8906 155
8851 76
8814 95
8777 89
8771 49
8757 17
8756 200
8743 41
8707 217
8644 65
8456 254
8413 172
8409 215
8349 54
8344 229
8330 289
8322 187
8290 198
8262 8
8249 143
8238 115
8158 256
8156 234
8136 199
8129 230
8118 98
8092 276
8089 239
8074 244
8063 176
8052 213
7921 122
7782 52
7769 113
7716 25
7677 71
7656 226
7643 96
7586 13
7575 247
7545 171
7520 188
7509 231
7480 45
7464 111
7378 38
7370 207
7348 106
7273 64
7247 48
7147 27
7071 56
6983 141
6972 243
6928 246
6887 11
6881 191
6870 1
6870 250
6852 197
6824 107
6764 118
6759 193
6685 150
6636 267
6618 34
6574 14
6551 157
6531 109
6476 221
6403 23
6380 112
6377 33
