32762 1034
32755 374
32721 925
32713 1658
32677 1500
32653 284
32636 944
32634 1368
32618 1191
32618 1132
32598 435
32587 1198
32556 1184
32542 1281
32479 1213
32459 1229
32430 139
32390 1801
32385 1739
32354 663
32331 921
32302 737
32253 80
32195 264
32178 1797
32173 936
32149 986
32136 674
32101 324
32079 1752
32035 145
32022 731
32008 958
32004 971
32001 1315
31977 1329
31971 1746
31943 1308
31918 1543
31911 904
31883 607
31881 637
31875 30
31856 1386
31823 956
31818 1551
31790 1070
31721 1342
31670 109
31655 1101
31629 224
31624 148
31613 288
31583 487
31535 1224
31506 82
31487 243
31471 446
31424 650
31407 1006
31397 965
31396 716
31394 269
31382 563
31374 1255
31312 778
31308 1073
31306 964
31304 1604
31296 1388
31286 1275
31271 67
31268 861
31252 1685
31226 583
31211 11
31199 262
31177 526
31173 280
31152 50
31127 996
31127 198
31126 1648
31100 707
31095 1367
31070 1536
31000 876
30973 990
30969 1361
30942 149
30941 1807
30938 766
30928 1254
30893 442
30888 1804
30867 1666
30827 792
30807 950
30781 1610
30774 92
