32764 9531
32764 1732
32759 1921
32758 2157
32757 2610
32756 9908
32745 4830
32740 5484
32732 170
32732 4847
32729 5394
32721 9632
32718 3413
32717 7265
32713 4902
32709 5504
32703 7611
32703 6160
32701 7181
32699 9532
32699 7964
32697 6877
32695 8252
32694 2164
32690 6473
32690 4666
32690 7384
32687 6593
32674 9837
32674 656
32671 3676
32669 1568
32667 6361
32665 4735
32654 4157
32654 8905
32650 2912
32649 9567
32647 5426
32645 9962
32634 484
32628 272
32627 7558
32620 4832
32618 8057
32616 1229
32616 314
32613 7958
32611 3150
32610 9081
32610 2807
32609 472
32607 8537
32604 3465
32601 5659
32595 8947
32590 6463
32586 7248
32580 6842
32578 9618
32572 1838
32567 9418
32567 3665
32566 6738
32565 1262
32565 2634
32564 2081
32555 5402
32554 8463
32554 5201
32551 3302
32549 3887
32544 9457
32544 1304
32542 7014
32540 2823
32538 1142
32533 6561
32527 3744
32511 4047
32509 2024
32504 6601
32502 5748
32500 9367
32499 6400
32495 4973
32494 9403
32491 8901
32488 5747
32481 7436
32481 9785
32471 3022
32470 517
32468 2493
32466 8769
32463 835
32455 1157
32455 8718
32450 7118
32448 7615
