32768 3701
32759 2123
32756 272
32753 4584
32743 4053
32723 3005
32722 945
32721 1938
32715 7388
32710 5297
32689 1210
32686 5595
32683 2614
32682 7070
32681 7642
32677 4412
32675 7216
32667 4233
32660 7527
32658 6319
32658 4183
32657 2491
32655 3073
32642 5087
32642 3621
32632 6579
32624 4351
32618 300
32608 7500
32607 6974
32601 836
32598 6414
32592 5830
32586 7250
32585 6565
32583 609
32577 6893
32573 3818
32572 371
32571 5280
32557 6249
32557 5678
32555 5716
32554 2599
32553 510
32552 6163
32543 4623
32543 1369
32540 4812
32534 1656
32532 845
32526 6171
32524 2921
32514 6082
32512 1608
32503 739
32503 4660
32501 7465
32499 1824
32497 3799
32496 5951
32495 3395
32483 6445
32482 4846
32477 5791
32471 3413
32464 6179
32463 3665
32463 5064
32462 4172
32457 7475
32454 3907
32453 2447
32453 6707
32451 5343
32447 4270
32442 7632
32441 5535
32437 275
32434 5030
32434 2090
32429 355
32428 280
32426 2132
32414 1579
32411 84
32404 5078
32404 1778
32401 983
32399 2161
32398 7285
32390 2125
32381 5216
32378 7543
32373 2982
32373 1120
32365 2250
32359 6810
32357 6259
32355 4735
