32768 4021
32760 6483
32758 579
32753 6448
32747 775
32745 6179
32736 4849
32728 216
32726 6726
32725 1882
32715 201
32711 4202
32709 2251
32708 6643
32703 1166
32703 1378
32682 2512
32682 4827
32681 2981
32679 1472
32671 4461
32670 1927
32665 725
32661 6152
32649 6522
32638 6336
32633 2583
32630 4223
32629 4354
32620 6430
32620 2070
32607 5391
32601 6585
32600 994
32597 4614
32594 7021
32593 667
32591 2484
32587 3604
32581 1003
32568 6288
32566 1021
32565 5884
32560 3120
32556 5622
32556 2542
32552 2246
32543 4524
32536 6091
32536 6629
32531 2138
32529 4037
32529 6262
32527 1174
32526 3207
32520 4322
32517 6733
32516 4526
32512 2350
32505 2114
32497 3128
32497 5256
32496 1672
32495 4231
32494 6187
32490 1335
32482 277
32479 1499
32474 3043
32470 4581
32466 2676
32463 2133
32463 1004
32463 6226
32456 3396
32456 3042
32452 430
32450 1869
32431 2514
32427 3394
32416 2281
32415 2039
32412 5249
32412 6014
32406 6636
32403 4860
32399 3512
32377 3086
32373 1364
32362 6305
32362 2154
32360 6358
32355 1664
32350 6889
32339 3970
32335 1961
32326 5173
32325 4676
32322 2669
32320 5986
