7.515023 0.246123 0.869162 0.896425 0.591908 2.045238 0.515695 0.314908 0.132499 0.446678 
1.770992 0.715527 0.596649 1.099102 8.110558 13.578266 0.803286 1.759252 0.309429 1.043232 
1.295080 0.425702 1.341307 1.339569 23.544374 0.147872 0.869383 0.315946 0.715701 0.195291 
0.541487 0.268766 0.393530 0.595956 0.184656 1.207230 0.711710 0.954221 0.485086 3.237629 
2.100174 0.812542 0.018127 0.725188 0.882219 1.129867 0.669195 5.891339 0.363453 1.712791 
10.087068 3.127887 6.016458 1.428203 0.852867 1.207307 28.830717 0.948594 2.541722 1.699921 
1.786753 0.147751 1.485564 1.368162 0.067910 2.142818 0.736576 0.193661 0.248739 3.427882 
3.671591 1.704783 3.861738 0.919851 1.361349 0.560335 4.726490 1.376763 0.095135 0.371644 
0.617210 0.200879 0.592675 0.994305 1.435347 0.580976 2.681037 0.291365 3.617242 0.130739 
0.379854 3.804841 3.054461 1.305696 0.891159 9.870440 1.243547 0.491996 1.481005 0.281386 
0.942421 0.246914 2.955571 0.400161 0.523214 1.208095 0.954342 6.078341 0.073631 1.392701 
0.087537
-1.020515
2.158264
-0.109372
0.091668
-0.118735
-0.347813
0.085301
0.180138
0.142554
